[2025-04-28 16:45:01] local.ERROR: syntax error, unexpected namespaced name "Tables\Columns\TextColumn", expecting "]" {"exception":"[object] (ParseError(code: 0): syntax error, unexpected namespaced name \"Tables\\Columns\\TextColumn\", expecting \"]\" at /var/www/app/Filament/Resources/UserResource.php:93)
[stacktrace]
#0 /var/www/vendor/composer/ClassLoader.php(427): Composer\\Autoload\\{closure}()
#1 [internal function]: Composer\\Autoload\\ClassLoader->loadClass()
#2 /var/www/vendor/filament/filament/src/Panel/Concerns/HasComponents.php(438): class_exists()
#3 /var/www/vendor/filament/filament/src/Panel/Concerns/HasComponents.php(293): Filament\\Panel->discoverComponents()
#4 /var/www/app/Providers/Filament/AdminPanelProvider.php(33): Filament\\Panel->discoverResources()
#5 /var/www/vendor/filament/filament/src/PanelProvider.php(15): App\\Providers\\Filament\\AdminPanelProvider->panel()
#6 /var/www/vendor/laravel/framework/src/Illuminate/Collections/helpers.php(236): Filament\\PanelProvider->Filament\\{closure}()
#7 /var/www/vendor/filament/filament/src/Facades/Filament.php(140): value()
#8 /var/www/vendor/laravel/framework/src/Illuminate/Container/Container.php(1495): Filament\\Facades\\Filament::Filament\\Facades\\{closure}()
#9 /var/www/vendor/laravel/framework/src/Illuminate/Container/Container.php(1413): Illuminate\\Container\\Container->fireCallbackArray()
#10 /var/www/vendor/laravel/framework/src/Illuminate/Container/Container.php(908): Illuminate\\Container\\Container->fireResolvingCallbacks()
#11 /var/www/vendor/laravel/framework/src/Illuminate/Foundation/Application.php(1077): Illuminate\\Container\\Container->resolve()
#12 /var/www/vendor/laravel/framework/src/Illuminate/Container/Container.php(821): Illuminate\\Foundation\\Application->resolve()
#13 /var/www/vendor/laravel/framework/src/Illuminate/Foundation/Application.php(1057): Illuminate\\Container\\Container->make()
#14 /var/www/vendor/laravel/framework/src/Illuminate/Foundation/helpers.php(127): Illuminate\\Foundation\\Application->make()
#15 /var/www/vendor/filament/filament/src/FilamentManager.php(51): app()
#16 /var/www/vendor/filament/filament/src/FilamentServiceProvider.php(48): Filament\\FilamentManager->__construct()
#17 /var/www/vendor/laravel/framework/src/Illuminate/Container/Container.php(1010): Filament\\FilamentServiceProvider->Filament\\{closure}()
#18 /var/www/vendor/laravel/framework/src/Illuminate/Container/Container.php(890): Illuminate\\Container\\Container->build()
#19 /var/www/vendor/laravel/framework/src/Illuminate/Foundation/Application.php(1077): Illuminate\\Container\\Container->resolve()
#20 /var/www/vendor/laravel/framework/src/Illuminate/Container/Container.php(821): Illuminate\\Foundation\\Application->resolve()
#21 /var/www/vendor/laravel/framework/src/Illuminate/Foundation/Application.php(1057): Illuminate\\Container\\Container->make()
#22 /var/www/vendor/laravel/framework/src/Illuminate/Container/Container.php(1643): Illuminate\\Foundation\\Application->make()
#23 /var/www/vendor/laravel/framework/src/Illuminate/Support/Facades/Facade.php(239): Illuminate\\Container\\Container->offsetGet()
#24 /var/www/vendor/laravel/framework/src/Illuminate/Support/Facades/Facade.php(210): Illuminate\\Support\\Facades\\Facade::resolveFacadeInstance()
#25 /var/www/vendor/laravel/framework/src/Illuminate/Support/Facades/Facade.php(355): Illuminate\\Support\\Facades\\Facade::getFacadeRoot()
#26 /var/www/vendor/filament/filament/src/FilamentServiceProvider.php(89): Illuminate\\Support\\Facades\\Facade::__callStatic()
#27 /var/www/vendor/spatie/laravel-package-tools/src/PackageServiceProvider.php(91): Filament\\FilamentServiceProvider->packageBooted()
#28 /var/www/vendor/laravel/framework/src/Illuminate/Container/BoundMethod.php(36): Spatie\\LaravelPackageTools\\PackageServiceProvider->boot()
#29 /var/www/vendor/laravel/framework/src/Illuminate/Container/Util.php(43): Illuminate\\Container\\BoundMethod::Illuminate\\Container\\{closure}()
#30 /var/www/vendor/laravel/framework/src/Illuminate/Container/BoundMethod.php(96): Illuminate\\Container\\Util::unwrapIfClosure()
#31 /var/www/vendor/laravel/framework/src/Illuminate/Container/BoundMethod.php(35): Illuminate\\Container\\BoundMethod::callBoundMethod()
#32 /var/www/vendor/laravel/framework/src/Illuminate/Container/Container.php(754): Illuminate\\Container\\BoundMethod::call()
#33 /var/www/vendor/laravel/framework/src/Illuminate/Foundation/Application.php(1150): Illuminate\\Container\\Container->call()
#34 /var/www/vendor/laravel/framework/src/Illuminate/Foundation/Application.php(1131): Illuminate\\Foundation\\Application->bootProvider()
#35 [internal function]: Illuminate\\Foundation\\Application->Illuminate\\Foundation\\{closure}()
#36 /var/www/vendor/laravel/framework/src/Illuminate/Foundation/Application.php(1130): array_walk()
#37 /var/www/vendor/laravel/framework/src/Illuminate/Foundation/Bootstrap/BootProviders.php(17): Illuminate\\Foundation\\Application->boot()
#38 /var/www/vendor/laravel/framework/src/Illuminate/Foundation/Application.php(341): Illuminate\\Foundation\\Bootstrap\\BootProviders->bootstrap()
#39 /var/www/vendor/laravel/framework/src/Illuminate/Foundation/Console/Kernel.php(473): Illuminate\\Foundation\\Application->bootstrapWith()
#40 /var/www/vendor/laravel/framework/src/Illuminate/Foundation/Console/Kernel.php(195): Illuminate\\Foundation\\Console\\Kernel->bootstrap()
#41 /var/www/vendor/laravel/framework/src/Illuminate/Foundation/Application.php(1234): Illuminate\\Foundation\\Console\\Kernel->handle()
#42 /var/www/artisan(16): Illuminate\\Foundation\\Application->handleCommand()
#43 {main}
"} 
